2014/08/18 11:43:53 [error] [exception.CException] exception 'CException' with message 'ResultController cannot find the requested view "index".' in D:\xampp\public_html\house\framework\web\CController.php:879
Stack trace:
#0 D:\xampp\public_html\house\framework\web\CController.php(783): CController->renderPartial('index', Array, true)
#1 D:\xampp\public_html\house\www\protected\controllers\ResultController.php(626): CController->render('index', Array)
#2 D:\xampp\public_html\house\framework\web\actions\CInlineAction.php(50): ResultController->actionIndex()
#3 D:\xampp\public_html\house\framework\web\CController.php(309): CInlineAction->runWithParams(Array)
#4 D:\xampp\public_html\house\framework\web\CController.php(287): CController->runAction(Object(CInlineAction))
#5 D:\xampp\public_html\house\framework\web\CController.php(266): CController->runActionWithFilters(Object(CInlineAction), Array)
#6 D:\xampp\public_html\house\framework\web\CWebApplication.php(283): CController->run('')
#7 D:\xampp\public_html\house\framework\web\CWebApplication.php(142): CWebApplication->runController('result')
#8 D:\xampp\public_html\house\framework\base\CApplication.php(162): CWebApplication->processRequest()
#9 D:\xampp\public_html\house\www\index.php(14): CApplication->run()
#10 {main}
REQUEST_URI=/result/
---
2014/08/18 12:05:48 [error] [php] Undefined index: ID (D:\xampp\public_html\house\framework\base\CComponent.php(607) : eval()'d code:1)
Stack trace:
#0 D:\xampp\public_html\house\framework\zii\widgets\grid\CGridColumn.php(145): CDataColumn->renderDataCellContent()
#1 D:\xampp\public_html\house\framework\zii\widgets\grid\CGridView.php(546): CDataColumn->renderDataCell()
#2 D:\xampp\public_html\house\framework\zii\widgets\grid\CGridView.php(517): CGridView->renderTableRow()
#3 D:\xampp\public_html\house\framework\zii\widgets\grid\CGridView.php(427): CGridView->renderTableBody()
#4 D:\xampp\public_html\house\framework\zii\widgets\CBaseListView.php(161): CGridView->renderItems()
#5 unknown(0): CGridView->renderSection()
#6 D:\xampp\public_html\house\framework\zii\widgets\CBaseListView.php(144): preg_replace_callback()
#7 D:\xampp\public_html\house\framework\zii\widgets\CBaseListView.php(129): CGridView->renderContent()
#8 D:\xampp\public_html\house\framework\web\CBaseController.php(174): CGridView->run()
#9 D:\xampp\public_html\house\www\protected\views\result\index.php(290): ResultController->widget()
#10 D:\xampp\public_html\house\framework\web\CBaseController.php(127): require()
#11 D:\xampp\public_html\house\framework\web\CBaseController.php(96): ResultController->renderInternal()
#12 D:\xampp\public_html\house\framework\web\CController.php(870): ResultController->renderFile()
#13 D:\xampp\public_html\house\framework\web\CController.php(783): ResultController->renderPartial()
#14 D:\xampp\public_html\house\www\protected\controllers\ResultController.php(626): ResultController->render()
#15 D:\xampp\public_html\house\framework\web\actions\CInlineAction.php(50): ResultController->actionIndex()
#16 D:\xampp\public_html\house\framework\web\CController.php(309): CInlineAction->runWithParams()
#17 D:\xampp\public_html\house\framework\web\CController.php(287): ResultController->runAction()
#18 D:\xampp\public_html\house\framework\web\CController.php(266): ResultController->runActionWithFilters()
#19 D:\xampp\public_html\house\framework\web\CWebApplication.php(283): ResultController->run()
#20 D:\xampp\public_html\house\framework\web\CWebApplication.php(142): CWebApplication->runController()
#21 D:\xampp\public_html\house\framework\base\CApplication.php(162): CWebApplication->processRequest()
#22 D:\xampp\public_html\house\www\index.php(14): CWebApplication->run()
REQUEST_URI=/result/
in D:\xampp\public_html\house\www\protected\views\result\index.php (290)
in D:\xampp\public_html\house\www\protected\controllers\ResultController.php (626)
in D:\xampp\public_html\house\www\index.php (14)
2014/08/18 13:29:18 [error] [php] Array to string conversion (D:\xampp\public_html\house\www\protected\views\result\index.php:265)
Stack trace:
#0 D:\xampp\public_html\house\framework\zii\widgets\grid\CDataColumn.php(132): CDataColumn->evaluateExpression()
#1 D:\xampp\public_html\house\framework\zii\widgets\grid\CGridColumn.php(145): CDataColumn->renderDataCellContent()
#2 D:\xampp\public_html\house\framework\zii\widgets\grid\CGridView.php(546): CDataColumn->renderDataCell()
#3 D:\xampp\public_html\house\framework\zii\widgets\grid\CGridView.php(517): CGridView->renderTableRow()
#4 D:\xampp\public_html\house\framework\zii\widgets\grid\CGridView.php(427): CGridView->renderTableBody()
#5 D:\xampp\public_html\house\framework\zii\widgets\CBaseListView.php(161): CGridView->renderItems()
#6 unknown(0): CGridView->renderSection()
#7 D:\xampp\public_html\house\framework\zii\widgets\CBaseListView.php(144): preg_replace_callback()
#8 D:\xampp\public_html\house\framework\zii\widgets\CBaseListView.php(129): CGridView->renderContent()
#9 D:\xampp\public_html\house\framework\web\CBaseController.php(174): CGridView->run()
#10 D:\xampp\public_html\house\www\protected\views\result\index.php(283): ResultController->widget()
#11 D:\xampp\public_html\house\framework\web\CBaseController.php(127): require()
#12 D:\xampp\public_html\house\framework\web\CBaseController.php(96): ResultController->renderInternal()
#13 D:\xampp\public_html\house\framework\web\CController.php(870): ResultController->renderFile()
#14 D:\xampp\public_html\house\framework\web\CController.php(783): ResultController->renderPartial()
#15 D:\xampp\public_html\house\www\protected\controllers\ResultController.php(626): ResultController->render()
#16 D:\xampp\public_html\house\framework\web\actions\CInlineAction.php(50): ResultController->actionIndex()
#17 D:\xampp\public_html\house\framework\web\CController.php(309): CInlineAction->runWithParams()
#18 D:\xampp\public_html\house\framework\web\CController.php(287): ResultController->runAction()
#19 D:\xampp\public_html\house\framework\web\CController.php(266): ResultController->runActionWithFilters()
#20 D:\xampp\public_html\house\framework\web\CWebApplication.php(283): ResultController->run()
#21 D:\xampp\public_html\house\framework\web\CWebApplication.php(142): CWebApplication->runController()
#22 D:\xampp\public_html\house\framework\base\CApplication.php(162): CWebApplication->processRequest()
#23 D:\xampp\public_html\house\www\index.php(14): CWebApplication->run()
REQUEST_URI=/result/
in D:\xampp\public_html\house\www\protected\views\result\index.php (265)
in D:\xampp\public_html\house\www\protected\views\result\index.php (283)
in D:\xampp\public_html\house\www\protected\controllers\ResultController.php (626)
2014/08/19 06:49:49 [error] [exception.CDbException] exception 'CDbException' with message 'CDbConnection failed to open the DB connection: SQLSTATE[HY000] [2002] Подключение не установлено, т.к. конечный компьютер отверг запрос на подключение.
' in D:\xampp\public_html\house\framework\db\CDbConnection.php:382
Stack trace:
#0 D:\xampp\public_html\house\framework\db\CDbConnection.php(331): CDbConnection->open()
#1 D:\xampp\public_html\house\framework\db\CDbConnection.php(309): CDbConnection->setActive(true)
#2 D:\xampp\public_html\house\framework\base\CModule.php(388): CDbConnection->init()
#3 D:\xampp\public_html\house\framework\base\CModule.php(104): CModule->getComponent('db')
#4 D:\xampp\public_html\house\www\protected\controllers\ResultController.php(12): CModule->__get('db')
#5 D:\xampp\public_html\house\framework\web\actions\CInlineAction.php(50): ResultController->actionIndex()
#6 D:\xampp\public_html\house\framework\web\CController.php(309): CInlineAction->runWithParams(Array)
#7 D:\xampp\public_html\house\framework\web\CController.php(287): CController->runAction(Object(CInlineAction))
#8 D:\xampp\public_html\house\framework\web\CController.php(266): CController->runActionWithFilters(Object(CInlineAction), Array)
#9 D:\xampp\public_html\house\framework\web\CWebApplication.php(283): CController->run('')
#10 D:\xampp\public_html\house\framework\web\CWebApplication.php(142): CWebApplication->runController('result')
#11 D:\xampp\public_html\house\framework\base\CApplication.php(162): CWebApplication->processRequest()
#12 D:\xampp\public_html\house\www\index.php(14): CApplication->run()
#13 {main}
REQUEST_URI=/result/
---
2014/08/19 06:50:00 [error] [exception.CHttpException.404] exception 'CHttpException' with message 'Unable to resolve the request "favicon.ico".' in D:\xampp\public_html\house\framework\web\CWebApplication.php:287
Stack trace:
#0 D:\xampp\public_html\house\framework\web\CWebApplication.php(142): CWebApplication->runController('favicon.ico')
#1 D:\xampp\public_html\house\framework\base\CApplication.php(162): CWebApplication->processRequest()
#2 D:\xampp\public_html\house\www\index.php(14): CApplication->run()
#3 {main}
REQUEST_URI=/favicon.ico
---
2014/08/19 06:50:23 [error] [exception.CHttpException.404] exception 'CHttpException' with message 'Unable to resolve the request "favicon.ico".' in D:\xampp\public_html\house\framework\web\CWebApplication.php:287
Stack trace:
#0 D:\xampp\public_html\house\framework\web\CWebApplication.php(142): CWebApplication->runController('favicon.ico')
#1 D:\xampp\public_html\house\framework\base\CApplication.php(162): CWebApplication->processRequest()
#2 D:\xampp\public_html\house\www\index.php(14): CApplication->run()
#3 {main}
REQUEST_URI=/favicon.ico
---
2014/08/19 06:50:23 [error] [exception.CHttpException.404] exception 'CHttpException' with message 'Unable to resolve the request "favicon.ico".' in D:\xampp\public_html\house\framework\web\CWebApplication.php:287
Stack trace:
#0 D:\xampp\public_html\house\framework\web\CWebApplication.php(142): CWebApplication->runController('favicon.ico')
#1 D:\xampp\public_html\house\framework\base\CApplication.php(162): CWebApplication->processRequest()
#2 D:\xampp\public_html\house\www\index.php(14): CApplication->run()
#3 {main}
REQUEST_URI=/favicon.ico
---
2014/08/19 12:59:57 [error] [exception.CHttpException.404] exception 'CHttpException' with message 'Unable to resolve the request "files//6/06d3bc740e8ba0c8f64427649f537269.jpg".' in D:\xampp\public_html\house\framework\web\CWebApplication.php:287
Stack trace:
#0 D:\xampp\public_html\house\framework\web\CWebApplication.php(142): CWebApplication->runController('files//6/06d3bc...')
#1 D:\xampp\public_html\house\framework\base\CApplication.php(162): CWebApplication->processRequest()
#2 D:\xampp\public_html\house\www\index.php(14): CApplication->run()
#3 {main}
REQUEST_URI=/files//6/06d3bc740e8ba0c8f64427649f537269.jpg
HTTP_REFERER=http://house/result/
---
2014/08/19 12:59:57 [error] [exception.CHttpException.404] exception 'CHttpException' with message 'Unable to resolve the request "files//7/bd6661231506e0fe52c15a3a77ecc1e7.jpg".' in D:\xampp\public_html\house\framework\web\CWebApplication.php:287
Stack trace:
#0 D:\xampp\public_html\house\framework\web\CWebApplication.php(142): CWebApplication->runController('files//7/bd6661...')
#1 D:\xampp\public_html\house\framework\base\CApplication.php(162): CWebApplication->processRequest()
#2 D:\xampp\public_html\house\www\index.php(14): CApplication->run()
#3 {main}
REQUEST_URI=/files//7/bd6661231506e0fe52c15a3a77ecc1e7.jpg
HTTP_REFERER=http://house/result/
---
2014/08/19 12:59:57 [error] [exception.CHttpException.404] exception 'CHttpException' with message 'Unable to resolve the request "files//4/453859528b76397a5a12a9d2f36ba702.jpg".' in D:\xampp\public_html\house\framework\web\CWebApplication.php:287
Stack trace:
#0 D:\xampp\public_html\house\framework\web\CWebApplication.php(142): CWebApplication->runController('files//4/453859...')
#1 D:\xampp\public_html\house\framework\base\CApplication.php(162): CWebApplication->processRequest()
#2 D:\xampp\public_html\house\www\index.php(14): CApplication->run()
#3 {main}
REQUEST_URI=/files//4/453859528b76397a5a12a9d2f36ba702.jpg
HTTP_REFERER=http://house/result/
---
2014/08/19 12:59:57 [error] [exception.CHttpException.404] exception 'CHttpException' with message 'Unable to resolve the request "files//1/87d07f90f10c40ed8075f45c042fe6f6.jpg".' in D:\xampp\public_html\house\framework\web\CWebApplication.php:287
Stack trace:
#0 D:\xampp\public_html\house\framework\web\CWebApplication.php(142): CWebApplication->runController('files//1/87d07f...')
#1 D:\xampp\public_html\house\framework\base\CApplication.php(162): CWebApplication->processRequest()
#2 D:\xampp\public_html\house\www\index.php(14): CApplication->run()
#3 {main}
REQUEST_URI=/files//1/87d07f90f10c40ed8075f45c042fe6f6.jpg
HTTP_REFERER=http://house/result/
---
2014/08/19 12:59:57 [error] [exception.CHttpException.404] exception 'CHttpException' with message 'Unable to resolve the request "files//3/a49fe8914df0eada4d4b7d530d7fa5ba.jpg".' in D:\xampp\public_html\house\framework\web\CWebApplication.php:287
Stack trace:
#0 D:\xampp\public_html\house\framework\web\CWebApplication.php(142): CWebApplication->runController('files//3/a49fe8...')
#1 D:\xampp\public_html\house\framework\base\CApplication.php(162): CWebApplication->processRequest()
#2 D:\xampp\public_html\house\www\index.php(14): CApplication->run()
#3 {main}
REQUEST_URI=/files//3/a49fe8914df0eada4d4b7d530d7fa5ba.jpg
HTTP_REFERER=http://house/result/
---
2014/08/19 13:00:06 [error] [exception.CHttpException.404] exception 'CHttpException' with message 'Unable to resolve the request "files//7/bd6661231506e0fe52c15a3a77ecc1e7.jpg".' in D:\xampp\public_html\house\framework\web\CWebApplication.php:287
Stack trace:
#0 D:\xampp\public_html\house\framework\web\CWebApplication.php(142): CWebApplication->runController('files//7/bd6661...')
#1 D:\xampp\public_html\house\framework\base\CApplication.php(162): CWebApplication->processRequest()
#2 D:\xampp\public_html\house\www\index.php(14): CApplication->run()
#3 {main}
REQUEST_URI=/files//7/bd6661231506e0fe52c15a3a77ecc1e7.jpg
---
2014/08/19 13:07:42 [error] [exception.CHttpException.404] exception 'CHttpException' with message 'Unable to resolve the request "files//1/87d07f90f10c40ed8075f45c042fe6f6.jpg".' in D:\xampp\public_html\house\framework\web\CWebApplication.php:287
Stack trace:
#0 D:\xampp\public_html\house\framework\web\CWebApplication.php(142): CWebApplication->runController('files//1/87d07f...')
#1 D:\xampp\public_html\house\framework\base\CApplication.php(162): CWebApplication->processRequest()
#2 D:\xampp\public_html\house\www\index.php(14): CApplication->run()
#3 {main}
REQUEST_URI=/files//1/87d07f90f10c40ed8075f45c042fe6f6.jpg
HTTP_REFERER=http://house/result/
---
2014/08/19 13:07:42 [error] [exception.CHttpException.404] exception 'CHttpException' with message 'Unable to resolve the request "files//4/453859528b76397a5a12a9d2f36ba702.jpg".' in D:\xampp\public_html\house\framework\web\CWebApplication.php:287
Stack trace:
#0 D:\xampp\public_html\house\framework\web\CWebApplication.php(142): CWebApplication->runController('files//4/453859...')
#1 D:\xampp\public_html\house\framework\base\CApplication.php(162): CWebApplication->processRequest()
#2 D:\xampp\public_html\house\www\index.php(14): CApplication->run()
#3 {main}
REQUEST_URI=/files//4/453859528b76397a5a12a9d2f36ba702.jpg
HTTP_REFERER=http://house/result/
---
2014/08/19 13:07:42 [error] [exception.CHttpException.404] exception 'CHttpException' with message 'Unable to resolve the request "files//7/bd6661231506e0fe52c15a3a77ecc1e7.jpg".' in D:\xampp\public_html\house\framework\web\CWebApplication.php:287
Stack trace:
#0 D:\xampp\public_html\house\framework\web\CWebApplication.php(142): CWebApplication->runController('files//7/bd6661...')
#1 D:\xampp\public_html\house\framework\base\CApplication.php(162): CWebApplication->processRequest()
#2 D:\xampp\public_html\house\www\index.php(14): CApplication->run()
#3 {main}
REQUEST_URI=/files//7/bd6661231506e0fe52c15a3a77ecc1e7.jpg
HTTP_REFERER=http://house/result/
---
2014/08/19 13:07:42 [error] [exception.CHttpException.404] exception 'CHttpException' with message 'Unable to resolve the request "files//6/06d3bc740e8ba0c8f64427649f537269.jpg".' in D:\xampp\public_html\house\framework\web\CWebApplication.php:287
Stack trace:
#0 D:\xampp\public_html\house\framework\web\CWebApplication.php(142): CWebApplication->runController('files//6/06d3bc...')
#1 D:\xampp\public_html\house\framework\base\CApplication.php(162): CWebApplication->processRequest()
#2 D:\xampp\public_html\house\www\index.php(14): CApplication->run()
#3 {main}
REQUEST_URI=/files//6/06d3bc740e8ba0c8f64427649f537269.jpg
HTTP_REFERER=http://house/result/
---
2014/08/19 13:07:42 [error] [exception.CHttpException.404] exception 'CHttpException' with message 'Unable to resolve the request "files//3/a49fe8914df0eada4d4b7d530d7fa5ba.jpg".' in D:\xampp\public_html\house\framework\web\CWebApplication.php:287
Stack trace:
#0 D:\xampp\public_html\house\framework\web\CWebApplication.php(142): CWebApplication->runController('files//3/a49fe8...')
#1 D:\xampp\public_html\house\framework\base\CApplication.php(162): CWebApplication->processRequest()
#2 D:\xampp\public_html\house\www\index.php(14): CApplication->run()
#3 {main}
REQUEST_URI=/files//3/a49fe8914df0eada4d4b7d530d7fa5ba.jpg
HTTP_REFERER=http://house/result/
---
2014/08/19 13:07:42 [error] [exception.CHttpException.404] exception 'CHttpException' with message 'Unable to resolve the request "files//7/bd6661231506e0fe52c15a3a77ecc1e7.jpg".' in D:\xampp\public_html\house\framework\web\CWebApplication.php:287
Stack trace:
#0 D:\xampp\public_html\house\framework\web\CWebApplication.php(142): CWebApplication->runController('files//7/bd6661...')
#1 D:\xampp\public_html\house\framework\base\CApplication.php(162): CWebApplication->processRequest()
#2 D:\xampp\public_html\house\www\index.php(14): CApplication->run()
#3 {main}
REQUEST_URI=/files//7/bd6661231506e0fe52c15a3a77ecc1e7.jpg
HTTP_REFERER=http://house/result/
---
2014/08/19 13:07:42 [error] [exception.CHttpException.404] exception 'CHttpException' with message 'Unable to resolve the request "files//4/453859528b76397a5a12a9d2f36ba702.jpg".' in D:\xampp\public_html\house\framework\web\CWebApplication.php:287
Stack trace:
#0 D:\xampp\public_html\house\framework\web\CWebApplication.php(142): CWebApplication->runController('files//4/453859...')
#1 D:\xampp\public_html\house\framework\base\CApplication.php(162): CWebApplication->processRequest()
#2 D:\xampp\public_html\house\www\index.php(14): CApplication->run()
#3 {main}
REQUEST_URI=/files//4/453859528b76397a5a12a9d2f36ba702.jpg
HTTP_REFERER=http://house/result/
---
2014/08/19 13:07:42 [error] [exception.CHttpException.404] exception 'CHttpException' with message 'Unable to resolve the request "files//1/87d07f90f10c40ed8075f45c042fe6f6.jpg".' in D:\xampp\public_html\house\framework\web\CWebApplication.php:287
Stack trace:
#0 D:\xampp\public_html\house\framework\web\CWebApplication.php(142): CWebApplication->runController('files//1/87d07f...')
#1 D:\xampp\public_html\house\framework\base\CApplication.php(162): CWebApplication->processRequest()
#2 D:\xampp\public_html\house\www\index.php(14): CApplication->run()
#3 {main}
REQUEST_URI=/files//1/87d07f90f10c40ed8075f45c042fe6f6.jpg
HTTP_REFERER=http://house/result/
---
2014/08/19 13:10:50 [error] [exception.CHttpException.404] exception 'CHttpException' with message 'Unable to resolve the request "files//7/bd6661231506e0fe52c15a3a77ecc1e7.jpg".' in D:\xampp\public_html\house\framework\web\CWebApplication.php:287
Stack trace:
#0 D:\xampp\public_html\house\framework\web\CWebApplication.php(142): CWebApplication->runController('files//7/bd6661...')
#1 D:\xampp\public_html\house\framework\base\CApplication.php(162): CWebApplication->processRequest()
#2 D:\xampp\public_html\house\www\index.php(14): CApplication->run()
#3 {main}
REQUEST_URI=/files//7/bd6661231506e0fe52c15a3a77ecc1e7.jpg
---
2014/08/19 15:20:37 [error] [php] Undefined variable: form (/Applications/XAMPP/xamppfiles/htdocs/reester.dev/www/protected/views/index/_form1.php:472)
Stack trace:
#0 /Applications/XAMPP/xamppfiles/htdocs/reester.dev/framework/web/CController.php(869): IndexController->renderFile()
#1 /Applications/XAMPP/xamppfiles/htdocs/reester.dev/www/protected/views/index/index.php(119): IndexController->renderPartial()
#2 /Applications/XAMPP/xamppfiles/htdocs/reester.dev/framework/web/CBaseController.php(126): require()
#3 /Applications/XAMPP/xamppfiles/htdocs/reester.dev/framework/web/CBaseController.php(95): IndexController->renderInternal()
#4 /Applications/XAMPP/xamppfiles/htdocs/reester.dev/framework/web/CController.php(869): IndexController->renderFile()
#5 /Applications/XAMPP/xamppfiles/htdocs/reester.dev/framework/web/CController.php(782): IndexController->renderPartial()
#6 /Applications/XAMPP/xamppfiles/htdocs/reester.dev/www/protected/controllers/IndexController.php(14): IndexController->render()
#7 /Applications/XAMPP/xamppfiles/htdocs/reester.dev/framework/web/actions/CInlineAction.php(49): IndexController->actionIndex()
#8 /Applications/XAMPP/xamppfiles/htdocs/reester.dev/framework/web/CController.php(308): CInlineAction->runWithParams()
#9 /Applications/XAMPP/xamppfiles/htdocs/reester.dev/framework/web/CController.php(286): IndexController->runAction()
#10 /Applications/XAMPP/xamppfiles/htdocs/reester.dev/framework/web/CController.php(265): IndexController->runActionWithFilters()
#11 /Applications/XAMPP/xamppfiles/htdocs/reester.dev/framework/web/CWebApplication.php(282): IndexController->run()
#12 /Applications/XAMPP/xamppfiles/htdocs/reester.dev/framework/web/CWebApplication.php(141): CWebApplication->runController()
#13 /Applications/XAMPP/xamppfiles/htdocs/reester.dev/framework/base/CApplication.php(180): CWebApplication->processRequest()
#14 /Applications/XAMPP/xamppfiles/htdocs/reester.dev/www/index.php(14): CWebApplication->run()
REQUEST_URI=/index/index
in /Applications/XAMPP/xamppfiles/htdocs/reester.dev/www/protected/views/index/_form1.php (472)
in /Applications/XAMPP/xamppfiles/htdocs/reester.dev/www/protected/views/index/index.php (119)
in /Applications/XAMPP/xamppfiles/htdocs/reester.dev/www/protected/controllers/IndexController.php (14)
2014/08/19 15:21:35 [error] [php] Undefined variable: form (/Applications/XAMPP/xamppfiles/htdocs/reester.dev/www/protected/views/index/_form1.php:460)
Stack trace:
#0 /Applications/XAMPP/xamppfiles/htdocs/reester.dev/framework/web/CController.php(869): IndexController->renderFile()
#1 /Applications/XAMPP/xamppfiles/htdocs/reester.dev/www/protected/views/index/index.php(119): IndexController->renderPartial()
#2 /Applications/XAMPP/xamppfiles/htdocs/reester.dev/framework/web/CBaseController.php(126): require()
#3 /Applications/XAMPP/xamppfiles/htdocs/reester.dev/framework/web/CBaseController.php(95): IndexController->renderInternal()
#4 /Applications/XAMPP/xamppfiles/htdocs/reester.dev/framework/web/CController.php(869): IndexController->renderFile()
#5 /Applications/XAMPP/xamppfiles/htdocs/reester.dev/framework/web/CController.php(782): IndexController->renderPartial()
#6 /Applications/XAMPP/xamppfiles/htdocs/reester.dev/www/protected/controllers/IndexController.php(14): IndexController->render()
#7 /Applications/XAMPP/xamppfiles/htdocs/reester.dev/framework/web/actions/CInlineAction.php(49): IndexController->actionIndex()
#8 /Applications/XAMPP/xamppfiles/htdocs/reester.dev/framework/web/CController.php(308): CInlineAction->runWithParams()
#9 /Applications/XAMPP/xamppfiles/htdocs/reester.dev/framework/web/CController.php(286): IndexController->runAction()
#10 /Applications/XAMPP/xamppfiles/htdocs/reester.dev/framework/web/CController.php(265): IndexController->runActionWithFilters()
#11 /Applications/XAMPP/xamppfiles/htdocs/reester.dev/framework/web/CWebApplication.php(282): IndexController->run()
#12 /Applications/XAMPP/xamppfiles/htdocs/reester.dev/framework/web/CWebApplication.php(141): CWebApplication->runController()
#13 /Applications/XAMPP/xamppfiles/htdocs/reester.dev/framework/base/CApplication.php(180): CWebApplication->processRequest()
#14 /Applications/XAMPP/xamppfiles/htdocs/reester.dev/www/index.php(14): CWebApplication->run()
REQUEST_URI=/index/index
in /Applications/XAMPP/xamppfiles/htdocs/reester.dev/www/protected/views/index/_form1.php (460)
in /Applications/XAMPP/xamppfiles/htdocs/reester.dev/www/protected/views/index/index.php (119)
in /Applications/XAMPP/xamppfiles/htdocs/reester.dev/www/protected/controllers/IndexController.php (14)
